Using pre-set license
Built from '2020.3/china_unity/release' branch; Version is '2020.3.20f1c1 (256576dc9522) revision 2450806'; Using compiler version '192528614'; Build Type 'Release'
OS: 'Windows 10 Pro; OS build 19045.4529; Version 2009; 64bit' Language: 'zh' Physical Memory: 16114 MB
BatchMode: 1, IsHumanControllingUs: 0, StartBugReporterOnCrash: 0, Is64bit: 1, IsPro: 0

COMMAND LINE ARGUMENTS:
C:\Program Files\Unity\Hub\Editor\2020.3.20f1c1\2020.3.20f1c1\Editor\Unity.exe
-adb2
-batchMode
-noUpm
-name
AssetImportWorker0
-projectPath
D:/CIGA-2025-GJ
-logFile
Logs/AssetImportWorker0.log
-srvPort
55863
Successfully changed project path to: D:/CIGA-2025-GJ
D:/CIGA-2025-GJ
Using Asset Import Pipeline V2.
AS: AutoStreaming module initializing.Refreshing native plugins compatible for Editor in 42.02 ms, found 3 plugins.
Preloading 0 native plugins for Editor in 0.00 ms.
Initialize engine version: 2020.3.20f1c1 (256576dc9522)
[Subsystems] Discovering subsystems at path C:/Program Files/Unity/Hub/Editor/2020.3.20f1c1/2020.3.20f1c1/Editor/Data/Resources/UnitySubsystems
[Subsystems] Discovering subsystems at path D:/CIGA-2025-GJ/Assets
GfxDevice: creating device client; threaded=0
Direct3D:
    Version:  Direct3D 11.0 [level 11.1]
    Renderer: NVIDIA GeForce RTX 3060 Laptop GPU (ID=0x2560)
    Vendor:   
    VRAM:     5996 MB
    Driver:   32.0.15.5599
Initialize mono
Mono path[0] = 'C:/Program Files/Unity/Hub/Editor/2020.3.20f1c1/2020.3.20f1c1/Editor/Data/Managed'
Mono path[1] = 'C:/Program Files/Unity/Hub/Editor/2020.3.20f1c1/2020.3.20f1c1/Editor/Data/MonoBleedingEdge/lib/mono/unityjit'
Mono config path = 'C:/Program Files/Unity/Hub/Editor/2020.3.20f1c1/2020.3.20f1c1/Editor/Data/MonoBleedingEdge/etc'
Using monoOptions --debugger-agent=transport=dt_socket,embedding=1,server=y,suspend=n,address=127.0.0.1:56932
Begin MonoManager ReloadAssembly
Registering precompiled unity dll's ...
Register platform support module: C:/Program Files/Unity/Hub/Editor/2020.3.20f1c1/2020.3.20f1c1/Editor/Data/PlaybackEngines/WebGLSupport/UnityEditor.WebGL.Extensions.dll
Register platform support module: C:/Program Files/Unity/Hub/Editor/2020.3.20f1c1/2020.3.20f1c1/Editor/Data/PlaybackEngines/WindowsStandaloneSupport/UnityEditor.WindowsStandalone.Extensions.dll
Registered in 0.001447 seconds.
Native extension for WindowsStandalone target not found
Native extension for WebGL target not found
Refreshing native plugins compatible for Editor in 39.45 ms, found 3 plugins.
Preloading 0 native plugins for Editor in 0.00 ms.
Mono: successfully reloaded assembly
- Completed reload, in  2.215 seconds
Domain Reload Profiling:
	ReloadAssembly (2215ms)
		BeginReloadAssembly (41ms)
			ExecutionOrderSort (0ms)
			DisableScriptedObjects (0ms)
			BackupInstance (0ms)
			ReleaseScriptingObjects (0ms)
			CreateAndSetChildDomain (1ms)
		EndReloadAssembly (384ms)
			LoadAssemblies (39ms)
			RebuildTransferFunctionScriptingTraits (0ms)
			SetupTypeCache (132ms)
			ReleaseScriptCaches (0ms)
			RebuildScriptCaches (26ms)
			SetupLoadedEditorAssemblies (155ms)
				LogAssemblyErrors (0ms)
				InitializePlatformSupportModulesInManaged (5ms)
				SetLoadedEditorAssemblies (0ms)
				RefreshPlugins (40ms)
				BeforeProcessingInitializeOnLoad (17ms)
				ProcessInitializeOnLoadAttributes (72ms)
				ProcessInitializeOnLoadMethodAttributes (21ms)
				AfterProcessingInitializeOnLoad (0ms)
				EditorAssembliesLoaded (0ms)
			ExecutionOrderSort2 (0ms)
			AwakeInstancesAfterBackupRestoration (0ms)
Platform modules already initialized, skipping
Registering precompiled user dll's ...
Registered in 0.001228 seconds.
Begin MonoManager ReloadAssembly
Native extension for WindowsStandalone target not found
Native extension for WebGL target not found
Refreshing native plugins compatible for Editor in 41.65 ms, found 3 plugins.
Preloading 0 native plugins for Editor in 0.00 ms.
Mono: successfully reloaded assembly
- Completed reload, in  0.925 seconds
Domain Reload Profiling:
	ReloadAssembly (926ms)
		BeginReloadAssembly (106ms)
			ExecutionOrderSort (0ms)
			DisableScriptedObjects (3ms)
			BackupInstance (0ms)
			ReleaseScriptingObjects (0ms)
			CreateAndSetChildDomain (16ms)
		EndReloadAssembly (772ms)
			LoadAssemblies (64ms)
			RebuildTransferFunctionScriptingTraits (0ms)
			SetupTypeCache (230ms)
			ReleaseScriptCaches (0ms)
			RebuildScriptCaches (40ms)
			SetupLoadedEditorAssemblies (315ms)
				LogAssemblyErrors (0ms)
				InitializePlatformSupportModulesInManaged (4ms)
				SetLoadedEditorAssemblies (0ms)
				RefreshPlugins (42ms)
				BeforeProcessingInitializeOnLoad (63ms)
				ProcessInitializeOnLoadAttributes (188ms)
				ProcessInitializeOnLoadMethodAttributes (13ms)
				AfterProcessingInitializeOnLoad (4ms)
				EditorAssembliesLoaded (0ms)
			ExecutionOrderSort2 (0ms)
			AwakeInstancesAfterBackupRestoration (6ms)
Platform modules already initialized, skipping
========================================================================
Worker process is ready to serve import requests
Launched and connected shader compiler UnityShaderCompiler.exe after 0.03 seconds
Refreshing native plugins compatible for Editor in 0.57 ms, found 3 plugins.
Preloading 0 native plugins for Editor in 0.00 ms.
Unloading 2122 Unused Serialized files (Serialized files now loaded: 0)
System memory in use before: 96.4 MB.
System memory in use after: 96.5 MB.

Unloading 26 unused Assets to reduce memory usage. Loaded Objects now: 2564.
Total: 2.246900 ms (FindLiveObjects: 0.148400 ms CreateObjectMapping: 0.039500 ms MarkObjects: 1.979800 ms  DeleteObjects: 0.077800 ms)

AssetImportParameters requested are different than current active one (requested -> active):
  custom:framework-win-MediaFoundation: 216162199b28c13a410421893ffa2e32 -> 
  custom:video-decoder-ogg-theora: a1e56fd34408186e4bbccfd4996cb3dc -> 
  custom:container-muxer-webm: aa71ff27fc2769a1b78a27578f13a17b -> 
  custom:container-demuxer-webm: 4f35f7cbe854078d1ac9338744f61a02 -> 
  custom:container-demuxer-ogg: 62fdf1f143b41e24485cea50d1cbac27 -> 
  custom:video-encoder-webm-vp8: eb34c28f22e8b96e1ab97ce403110664 -> 
  custom:video-decoder-webm-vp8: 9c59270c3fd7afecdb556c50c9e8de78 -> 
  custom:audio-decoder-ogg-vorbis: bf7c407c2cedff20999df2af8eb42d56 -> 
  custom:audio-encoder-webm-vorbis: bf7c407c2cedff20999df2af8eb42d56 -> 
========================================================================
Received Import Request.
  path: Assets/Scenes/MenuScene_Copy.unity
  artifactKey: Guid(8730790f6cf3c1a4e9607efbb92dde30) Importer(815301076,1909f56bfc062723c751e8b465ee728b)
Start importing Assets/Scenes/MenuScene_Copy.unity using Guid(8730790f6cf3c1a4e9607efbb92dde30) Importer(815301076,1909f56bfc062723c751e8b465ee728b)  -> (artifact id: '724aa3362bc1b708fd6ea6242e5b287e') in 0.009256 seconds 
  Import took 0.011772 seconds .

========================================================================
Received Import Request.
  Time since last request: 2.869833 seconds.
  path: Assets/Scenes/MenuScene.unity
  artifactKey: Guid(2ca390e9a71c61c4dac1c6934b223915) Importer(815301076,1909f56bfc062723c751e8b465ee728b)
Start importing Assets/Scenes/MenuScene.unity using Guid(2ca390e9a71c61c4dac1c6934b223915) Importer(815301076,1909f56bfc062723c751e8b465ee728b)  -> (artifact id: 'f5b83eed8b3a00ca217f4bc51dabf024') in 0.001177 seconds 
  Import took 0.004017 seconds .

========================================================================
Received Import Request.
  Time since last request: 5.134905 seconds.
  path: Assets/Scenes/Menu.unity
  artifactKey: Guid(2ca390e9a71c61c4dac1c6934b223915) Importer(815301076,1909f56bfc062723c751e8b465ee728b)
Start importing Assets/Scenes/Menu.unity using Guid(2ca390e9a71c61c4dac1c6934b223915) Importer(815301076,1909f56bfc062723c751e8b465ee728b)  -> (artifact id: '1a843c4d1dd10ae5bdde80b5b226be96') in 0.001236 seconds 
  Import took 0.004124 seconds .

========================================================================
Received Import Request.
  Time since last request: 8.389682 seconds.
  path: Assets/Scenes/MenuScene.unity
  artifactKey: Guid(8730790f6cf3c1a4e9607efbb92dde30) Importer(815301076,1909f56bfc062723c751e8b465ee728b)
Start importing Assets/Scenes/MenuScene.unity using Guid(8730790f6cf3c1a4e9607efbb92dde30) Importer(815301076,1909f56bfc062723c751e8b465ee728b)  -> (artifact id: '374f4e0e11039334395c2ff4b7536250') in 0.001200 seconds 
  Import took 0.003993 seconds .

========================================================================
Received Prepare
Registering precompiled user dll's ...
Registered in 0.001345 seconds.
Begin MonoManager ReloadAssembly
Native extension for WindowsStandalone target not found
Native extension for WebGL target not found
Refreshing native plugins compatible for Editor in 0.45 ms, found 3 plugins.
Preloading 0 native plugins for Editor in 0.00 ms.
Mono: successfully reloaded assembly
- Completed reload, in  0.897 seconds
Domain Reload Profiling:
	ReloadAssembly (897ms)
		BeginReloadAssembly (92ms)
			ExecutionOrderSort (0ms)
			DisableScriptedObjects (5ms)
			BackupInstance (0ms)
			ReleaseScriptingObjects (0ms)
			CreateAndSetChildDomain (31ms)
		EndReloadAssembly (747ms)
			LoadAssemblies (70ms)
			RebuildTransferFunctionScriptingTraits (0ms)
			SetupTypeCache (233ms)
			ReleaseScriptCaches (2ms)
			RebuildScriptCaches (41ms)
			SetupLoadedEditorAssemblies (319ms)
				LogAssemblyErrors (0ms)
				InitializePlatformSupportModulesInManaged (5ms)
				SetLoadedEditorAssemblies (0ms)
				RefreshPlugins (0ms)
				BeforeProcessingInitializeOnLoad (60ms)
				ProcessInitializeOnLoadAttributes (237ms)
				ProcessInitializeOnLoadMethodAttributes (8ms)
				AfterProcessingInitializeOnLoad (7ms)
				EditorAssembliesLoaded (0ms)
			ExecutionOrderSort2 (0ms)
			AwakeInstancesAfterBackupRestoration (8ms)
Platform modules already initialized, skipping
Refreshing native plugins compatible for Editor in 0.44 ms, found 3 plugins.
Preloading 0 native plugins for Editor in 0.00 ms.
Unloading 2112 Unused Serialized files (Serialized files now loaded: 0)
System memory in use before: 95.9 MB.
System memory in use after: 96.0 MB.

Unloading 14 unused Assets to reduce memory usage. Loaded Objects now: 2567.
Total: 2.430700 ms (FindLiveObjects: 0.144800 ms CreateObjectMapping: 0.031900 ms MarkObjects: 2.223300 ms  DeleteObjects: 0.030000 ms)

AssetImportParameters requested are different than current active one (requested -> active):
  custom:framework-win-MediaFoundation: 216162199b28c13a410421893ffa2e32 -> 
  custom:video-decoder-ogg-theora: a1e56fd34408186e4bbccfd4996cb3dc -> 
  custom:container-muxer-webm: aa71ff27fc2769a1b78a27578f13a17b -> 
  custom:container-demuxer-webm: 4f35f7cbe854078d1ac9338744f61a02 -> 
  custom:container-demuxer-ogg: 62fdf1f143b41e24485cea50d1cbac27 -> 
  custom:video-encoder-webm-vp8: eb34c28f22e8b96e1ab97ce403110664 -> 
  custom:video-decoder-webm-vp8: 9c59270c3fd7afecdb556c50c9e8de78 -> 
  custom:audio-decoder-ogg-vorbis: bf7c407c2cedff20999df2af8eb42d56 -> 
  custom:audio-encoder-webm-vorbis: bf7c407c2cedff20999df2af8eb42d56 -> 
========================================================================
Received Import Request.
  Time since last request: 1001.385557 seconds.
  path: Assets/Scenes/MainScene.unity
  artifactKey: Guid(2cda990e2423bbf4892e6590ba056729) Importer(815301076,1909f56bfc062723c751e8b465ee728b)
Start importing Assets/Scenes/MainScene.unity using Guid(2cda990e2423bbf4892e6590ba056729) Importer(815301076,1909f56bfc062723c751e8b465ee728b)  -> (artifact id: '607e614df7c94f981cf318c7fc016416') in 0.009832 seconds 
  Import took 0.012594 seconds .

========================================================================
Received Import Request.
  Time since last request: 9.722796 seconds.
  path: Assets/Scripts/UI
  artifactKey: Guid(b05768ae9628f9f41b08d580e9e405ad) Importer(815301076,1909f56bfc062723c751e8b465ee728b)
Start importing Assets/Scripts/UI using Guid(b05768ae9628f9f41b08d580e9e405ad) Importer(815301076,1909f56bfc062723c751e8b465ee728b)  -> (artifact id: 'e5555f939422c806fad15e6149345276') in 0.001124 seconds 
  Import took 0.004173 seconds .

========================================================================
Received Import Request.
  Time since last request: 3.699130 seconds.
  path: Assets/Scripts/ClockCounter.cs
  artifactKey: Guid(1c01bc9af3529d54fb57da9f985b1ff8) Importer(815301076,1909f56bfc062723c751e8b465ee728b)
Start importing Assets/Scripts/ClockCounter.cs using Guid(1c01bc9af3529d54fb57da9f985b1ff8) Importer(815301076,1909f56bfc062723c751e8b465ee728b)  -> (artifact id: 'ec3ae6df7b432ce97c255cb047ef1bce') in 0.015685 seconds 
  Import took 0.018717 seconds .

========================================================================
Received Import Request.
  Time since last request: 0.935163 seconds.
  path: Assets/Scripts/CursorFollower.cs
  artifactKey: Guid(4886e17068137ef4a9e5f0baf48da182) Importer(815301076,1909f56bfc062723c751e8b465ee728b)
Start importing Assets/Scripts/CursorFollower.cs using Guid(4886e17068137ef4a9e5f0baf48da182) Importer(815301076,1909f56bfc062723c751e8b465ee728b)  -> (artifact id: 'a317b7a2964332f415cb88f5c74bc39b') in 0.001104 seconds 
  Import took 0.003889 seconds .

========================================================================
Received Import Request.
  Time since last request: 0.342495 seconds.
  path: Assets/Scripts/AudioManager.cs
  artifactKey: Guid(ed02fbdebba99814cb059b0319eb5e9b) Importer(815301076,1909f56bfc062723c751e8b465ee728b)
Start importing Assets/Scripts/AudioManager.cs using Guid(ed02fbdebba99814cb059b0319eb5e9b) Importer(815301076,1909f56bfc062723c751e8b465ee728b)  -> (artifact id: 'ccb2929eca269f6f23ac57594bfc65ca') in 0.001094 seconds 
  Import took 0.004036 seconds .

========================================================================
Received Import Request.
  Time since last request: 0.381082 seconds.
  path: Assets/Scripts/MenuScroller.cs
  artifactKey: Guid(75fd8fcf2cb3e1d48b446db9be7e8653) Importer(815301076,1909f56bfc062723c751e8b465ee728b)
Start importing Assets/Scripts/MenuScroller.cs using Guid(75fd8fcf2cb3e1d48b446db9be7e8653) Importer(815301076,1909f56bfc062723c751e8b465ee728b)  -> (artifact id: 'efcd2298842684de053d7f1ae3b6f270') in 0.001431 seconds 
  Import took 0.004678 seconds .

========================================================================
Received Import Request.
  Time since last request: 0.357947 seconds.
  path: Assets/Scripts/Singleton.cs
  artifactKey: Guid(61ed542ff3e210f4da2d761af1f38867) Importer(815301076,1909f56bfc062723c751e8b465ee728b)
Start importing Assets/Scripts/Singleton.cs using Guid(61ed542ff3e210f4da2d761af1f38867) Importer(815301076,1909f56bfc062723c751e8b465ee728b)  -> (artifact id: 'd3382ab0276c709bf90947bd1653d8d1') in 0.001496 seconds 
  Import took 0.005903 seconds .

========================================================================
Received Import Request.
  Time since last request: 0.437217 seconds.
  path: Assets/Scripts/PlayerController.cs
  artifactKey: Guid(3f08433dbb06de340b4322ff89afb7bf) Importer(815301076,1909f56bfc062723c751e8b465ee728b)
Start importing Assets/Scripts/PlayerController.cs using Guid(3f08433dbb06de340b4322ff89afb7bf) Importer(815301076,1909f56bfc062723c751e8b465ee728b)  -> (artifact id: '3d0c39d1f1f5a68bcf853bd4705556d3') in 0.001944 seconds 
  Import took 0.006043 seconds .

========================================================================
Received Import Request.
  Time since last request: 0.691234 seconds.
  path: Assets/Scripts/SingletonLoader.cs
  artifactKey: Guid(c6e9350f59f56ae40bff17ec605ca762) Importer(815301076,1909f56bfc062723c751e8b465ee728b)
Start importing Assets/Scripts/SingletonLoader.cs using Guid(c6e9350f59f56ae40bff17ec605ca762) Importer(815301076,1909f56bfc062723c751e8b465ee728b)  -> (artifact id: '1d8e93478727284b4c556f4376ce393e') in 0.001445 seconds 
  Import took 0.004432 seconds .

========================================================================
Received Import Request.
  Time since last request: 35.633762 seconds.
  path: Assets/Scripts/GameManager.cs
  artifactKey: Guid(6c3b2817bbe9aeb4ca724a871a200531) Importer(815301076,1909f56bfc062723c751e8b465ee728b)
Start importing Assets/Scripts/GameManager.cs using Guid(6c3b2817bbe9aeb4ca724a871a200531) Importer(815301076,1909f56bfc062723c751e8b465ee728b)  -> (artifact id: 'c12780609875a0e88c2201b824cf8669') in 0.001360 seconds 
  Import took 0.004768 seconds .

========================================================================
Received Import Request.
  Time since last request: 43.153981 seconds.
  path: Assets/Resources/Views/StartView.prefab
  artifactKey: Guid(0d36fd454d6857346b439c274584876b) Importer(815301076,1909f56bfc062723c751e8b465ee728b)
Start importing Assets/Resources/Views/StartView.prefab using Guid(0d36fd454d6857346b439c274584876b) Importer(815301076,1909f56bfc062723c751e8b465ee728b)  -> (artifact id: '0a22beae76d2c8d096c614e37667b48d') in 0.063025 seconds 
  Import took 0.065965 seconds .

========================================================================
Received Import Request.
  Time since last request: 33.350805 seconds.
  path: Assets/Scripts/UI/BaseView.cs
  artifactKey: Guid(fcf526dbc90079c469661a1c924dc8d5) Importer(815301076,1909f56bfc062723c751e8b465ee728b)
Start importing Assets/Scripts/UI/BaseView.cs using Guid(fcf526dbc90079c469661a1c924dc8d5) Importer(815301076,1909f56bfc062723c751e8b465ee728b)  -> (artifact id: '02646a7b6b8313fbbe8e4f4d28976c0d') in 0.001146 seconds 
  Import took 0.004194 seconds .

========================================================================
Received Import Request.
  Time since last request: 1.219415 seconds.
  path: Assets/Scripts/UI/StartView.cs
  artifactKey: Guid(0e6d86a7783f25e42b09891d0998a632) Importer(815301076,1909f56bfc062723c751e8b465ee728b)
Start importing Assets/Scripts/UI/StartView.cs using Guid(0e6d86a7783f25e42b09891d0998a632) Importer(815301076,1909f56bfc062723c751e8b465ee728b)  -> (artifact id: '1ee134e473397ac450eb3d933b0de54a') in 0.001174 seconds 
  Import took 0.004031 seconds .

AssetImportWorkerClient::OnTransportError - code=2 error=End of file
