Using pre-set license
Built from '2020.3/china_unity/release' branch; Version is '2020.3.20f1c1 (256576dc9522) revision 2450806'; Using compiler version '192528614'; Build Type 'Release'
OS: 'Windows 10 Pro; OS build 22631.3737; Version 2009; 64bit' Language: 'zh' Physical Memory: 16088 MB
BatchMode: 1, IsHumanControllingUs: 0, StartBugReporterOnCrash: 0, Is64bit: 1, IsPro: 0

COMMAND LINE ARGUMENTS:
G:\SoftWare\Unity\2020.3.20f1c1\Editor\Unity.exe
-adb2
-batchMode
-noUpm
-name
AssetImportWorker0
-projectPath
G:/Code/Unity Project/GIT/2025-CGJ
-logFile
Logs/AssetImportWorker0.log
-srvPort
56979
Successfully changed project path to: G:/Code/Unity Project/GIT/2025-CGJ
G:/Code/Unity Project/GIT/2025-CGJ
Using Asset Import Pipeline V2.
AS: AutoStreaming module initializing.Refreshing native plugins compatible for Editor in 48.62 ms, found 3 plugins.
Preloading 0 native plugins for Editor in 0.00 ms.
Initialize engine version: 2020.3.20f1c1 (256576dc9522)
[Subsystems] Discovering subsystems at path G:/SoftWare/Unity/2020.3.20f1c1/Editor/Data/Resources/UnitySubsystems
[Subsystems] Discovering subsystems at path G:/Code/Unity Project/GIT/2025-CGJ/Assets
GfxDevice: creating device client; threaded=0
Direct3D:
    Version:  Direct3D 11.0 [level 11.1]
    Renderer: NVIDIA GeForce RTX 3060 Laptop GPU (ID=0x2520)
    Vendor:   
    VRAM:     5996 MB
    Driver:   32.0.15.5612
Initialize mono
Mono path[0] = 'G:/SoftWare/Unity/2020.3.20f1c1/Editor/Data/Managed'
Mono path[1] = 'G:/SoftWare/Unity/2020.3.20f1c1/Editor/Data/MonoBleedingEdge/lib/mono/unityjit'
Mono config path = 'G:/SoftWare/Unity/2020.3.20f1c1/Editor/Data/MonoBleedingEdge/etc'
Using monoOptions --debugger-agent=transport=dt_socket,embedding=1,server=y,suspend=n,address=127.0.0.1:56284
Begin MonoManager ReloadAssembly
Registering precompiled unity dll's ...
Register platform support module: G:/SoftWare/Unity/2020.3.20f1c1/Editor/Data/PlaybackEngines/WindowsStandaloneSupport/UnityEditor.WindowsStandalone.Extensions.dll
Registered in 0.002724 seconds.
Native extension for WindowsStandalone target not found
Refreshing native plugins compatible for Editor in 51.94 ms, found 3 plugins.
Preloading 0 native plugins for Editor in 0.00 ms.
Mono: successfully reloaded assembly
- Completed reload, in  1.920 seconds
Domain Reload Profiling:
	ReloadAssembly (1921ms)
		BeginReloadAssembly (68ms)
			ExecutionOrderSort (0ms)
			DisableScriptedObjects (0ms)
			BackupInstance (0ms)
			ReleaseScriptingObjects (0ms)
			CreateAndSetChildDomain (1ms)
		EndReloadAssembly (390ms)
			LoadAssemblies (67ms)
			RebuildTransferFunctionScriptingTraits (0ms)
			SetupTypeCache (121ms)
			ReleaseScriptCaches (0ms)
			RebuildScriptCaches (29ms)
			SetupLoadedEditorAssemblies (183ms)
				LogAssemblyErrors (0ms)
				InitializePlatformSupportModulesInManaged (3ms)
				SetLoadedEditorAssemblies (0ms)
				RefreshPlugins (52ms)
				BeforeProcessingInitializeOnLoad (18ms)
				ProcessInitializeOnLoadAttributes (82ms)
				ProcessInitializeOnLoadMethodAttributes (27ms)
				AfterProcessingInitializeOnLoad (0ms)
				EditorAssembliesLoaded (0ms)
			ExecutionOrderSort2 (0ms)
			AwakeInstancesAfterBackupRestoration (0ms)
Platform modules already initialized, skipping
Registering precompiled user dll's ...
Registered in 0.008140 seconds.
Begin MonoManager ReloadAssembly
Native extension for WindowsStandalone target not found
Refreshing native plugins compatible for Editor in 40.26 ms, found 3 plugins.
Preloading 0 native plugins for Editor in 0.00 ms.
Mono: successfully reloaded assembly
- Completed reload, in  1.479 seconds
Domain Reload Profiling:
	ReloadAssembly (1480ms)
		BeginReloadAssembly (143ms)
			ExecutionOrderSort (0ms)
			DisableScriptedObjects (3ms)
			BackupInstance (0ms)
			ReleaseScriptingObjects (0ms)
			CreateAndSetChildDomain (18ms)
		EndReloadAssembly (1273ms)
			LoadAssemblies (139ms)
			RebuildTransferFunctionScriptingTraits (0ms)
			SetupTypeCache (419ms)
			ReleaseScriptCaches (0ms)
			RebuildScriptCaches (79ms)
			SetupLoadedEditorAssemblies (541ms)
				LogAssemblyErrors (0ms)
				InitializePlatformSupportModulesInManaged (4ms)
				SetLoadedEditorAssemblies (0ms)
				RefreshPlugins (40ms)
				BeforeProcessingInitializeOnLoad (90ms)
				ProcessInitializeOnLoadAttributes (383ms)
				ProcessInitializeOnLoadMethodAttributes (21ms)
				AfterProcessingInitializeOnLoad (3ms)
				EditorAssembliesLoaded (0ms)
			ExecutionOrderSort2 (0ms)
			AwakeInstancesAfterBackupRestoration (10ms)
Platform modules already initialized, skipping
========================================================================
Worker process is ready to serve import requests
Launched and connected shader compiler UnityShaderCompiler.exe after 0.05 seconds
Refreshing native plugins compatible for Editor in 0.47 ms, found 3 plugins.
Preloading 0 native plugins for Editor in 0.00 ms.
Unloading 2300 Unused Serialized files (Serialized files now loaded: 0)
System memory in use before: 101.8 MB.
System memory in use after: 102.0 MB.

Unloading 29 unused Assets to reduce memory usage. Loaded Objects now: 2746.
Total: 4.979900 ms (FindLiveObjects: 0.268500 ms CreateObjectMapping: 0.087900 ms MarkObjects: 4.526000 ms  DeleteObjects: 0.094600 ms)

AssetImportParameters requested are different than current active one (requested -> active):
  custom:framework-win-MediaFoundation: 216162199b28c13a410421893ffa2e32 -> 
  custom:video-decoder-ogg-theora: a1e56fd34408186e4bbccfd4996cb3dc -> 
  custom:container-muxer-webm: aa71ff27fc2769a1b78a27578f13a17b -> 
  custom:container-demuxer-webm: 4f35f7cbe854078d1ac9338744f61a02 -> 
  custom:container-demuxer-ogg: 62fdf1f143b41e24485cea50d1cbac27 -> 
  custom:video-encoder-webm-vp8: eb34c28f22e8b96e1ab97ce403110664 -> 
  custom:video-codec-MediaFoundation-h265: 746d11721c4dcdbdad8f713fa42b33f4 -> 
  custom:video-decoder-webm-vp8: 9c59270c3fd7afecdb556c50c9e8de78 -> 
  custom:audio-decoder-ogg-vorbis: bf7c407c2cedff20999df2af8eb42d56 -> 
  custom:audio-encoder-webm-vorbis: bf7c407c2cedff20999df2af8eb42d56 -> 
========================================================================
Received Import Request.
  path: Assets/Zpix.ttf
  artifactKey: Guid(ebbb1f6a4548136469df343afd23c995) Importer(815301076,1909f56bfc062723c751e8b465ee728b)
Start importing Assets/Zpix.ttf using Guid(ebbb1f6a4548136469df343afd23c995) Importer(815301076,1909f56bfc062723c751e8b465ee728b)  -> (artifact id: '0d648e32f9a070d3525d338db3666d94') in 0.191127 seconds 
  Import took 0.196529 seconds .

========================================================================
Received Import Request.
  Time since last request: 115.532593 seconds.
  path: Assets/Resources/External/AllIn1SpriteShader
  artifactKey: Guid(987c03cd4ffead04ead78e0f4647b0fd) Importer(815301076,1909f56bfc062723c751e8b465ee728b)
Start importing Assets/Resources/External/AllIn1SpriteShader using Guid(987c03cd4ffead04ead78e0f4647b0fd) Importer(815301076,1909f56bfc062723c751e8b465ee728b)  -> (artifact id: '887858fa3f8cc9f7784a6521e533179c') in 0.012378 seconds 
  Import took 0.016743 seconds .

========================================================================
Received Import Request.
  Time since last request: 0.101312 seconds.
  path: Assets/Resources/External/AllIn1SpriteShader/AllIn1SpriteShaderAssembly.asmdef
  artifactKey: Guid(91de482a0a233614ab5962ea5f6c24ee) Importer(815301076,1909f56bfc062723c751e8b465ee728b)
Start importing Assets/Resources/External/AllIn1SpriteShader/AllIn1SpriteShaderAssembly.asmdef using Guid(91de482a0a233614ab5962ea5f6c24ee) Importer(815301076,1909f56bfc062723c751e8b465ee728b)  -> (artifact id: 'b5468139f21571624656e1f8b828197d') in 0.066166 seconds 
  Import took 0.070959 seconds .

========================================================================
Received Prepare
Registering precompiled user dll's ...
Registered in 0.002681 seconds.
Begin MonoManager ReloadAssembly
Native extension for WindowsStandalone target not found
Refreshing native plugins compatible for Editor in 0.40 ms, found 3 plugins.
Preloading 0 native plugins for Editor in 0.00 ms.
Mono: successfully reloaded assembly
- Completed reload, in  0.855 seconds
Domain Reload Profiling:
	ReloadAssembly (855ms)
		BeginReloadAssembly (134ms)
			ExecutionOrderSort (0ms)
			DisableScriptedObjects (4ms)
			BackupInstance (0ms)
			ReleaseScriptingObjects (0ms)
			CreateAndSetChildDomain (35ms)
		EndReloadAssembly (679ms)
			LoadAssemblies (109ms)
			RebuildTransferFunctionScriptingTraits (0ms)
			SetupTypeCache (249ms)
			ReleaseScriptCaches (1ms)
			RebuildScriptCaches (42ms)
			SetupLoadedEditorAssemblies (248ms)
				LogAssemblyErrors (0ms)
				InitializePlatformSupportModulesInManaged (4ms)
				SetLoadedEditorAssemblies (0ms)
				RefreshPlugins (0ms)
				BeforeProcessingInitializeOnLoad (61ms)
				ProcessInitializeOnLoadAttributes (176ms)
				ProcessInitializeOnLoadMethodAttributes (4ms)
				AfterProcessingInitializeOnLoad (1ms)
				EditorAssembliesLoaded (0ms)
			ExecutionOrderSort2 (0ms)
			AwakeInstancesAfterBackupRestoration (7ms)
Platform modules already initialized, skipping
Refreshing native plugins compatible for Editor in 0.40 ms, found 3 plugins.
Preloading 0 native plugins for Editor in 0.00 ms.
Unloading 2282 Unused Serialized files (Serialized files now loaded: 0)
System memory in use before: 103.9 MB.
System memory in use after: 104.1 MB.

Unloading 17 unused Assets to reduce memory usage. Loaded Objects now: 2793.
Total: 2.366000 ms (FindLiveObjects: 0.163900 ms CreateObjectMapping: 0.050600 ms MarkObjects: 2.129700 ms  DeleteObjects: 0.020900 ms)

AssetImportParameters requested are different than current active one (requested -> active):
  custom:framework-win-MediaFoundation: 216162199b28c13a410421893ffa2e32 -> 
  custom:video-decoder-ogg-theora: a1e56fd34408186e4bbccfd4996cb3dc -> 
  custom:container-muxer-webm: aa71ff27fc2769a1b78a27578f13a17b -> 
  custom:container-demuxer-webm: 4f35f7cbe854078d1ac9338744f61a02 -> 
  custom:container-demuxer-ogg: 62fdf1f143b41e24485cea50d1cbac27 -> 
  custom:video-encoder-webm-vp8: eb34c28f22e8b96e1ab97ce403110664 -> 
  custom:video-codec-MediaFoundation-h265: 746d11721c4dcdbdad8f713fa42b33f4 -> 
  custom:video-decoder-webm-vp8: 9c59270c3fd7afecdb556c50c9e8de78 -> 
  custom:audio-decoder-ogg-vorbis: bf7c407c2cedff20999df2af8eb42d56 -> 
  custom:audio-encoder-webm-vorbis: bf7c407c2cedff20999df2af8eb42d56 -> 
========================================================================
Received Import Request.
  Time since last request: 52.656095 seconds.
  path: Assets/Resources/BlueTrail.mat
  artifactKey: Guid(a98fa11baedd1ef40bb4c36cbf28aa2b) Importer(815301076,1909f56bfc062723c751e8b465ee728b)
Start importing Assets/Resources/BlueTrail.mat using Guid(a98fa11baedd1ef40bb4c36cbf28aa2b) Importer(815301076,1909f56bfc062723c751e8b465ee728b)  -> (artifact id: '272e657b9d1a55aba8b9e738f40b4ff3') in 0.216801 seconds 
  Import took 0.220125 seconds .

========================================================================
Received Import Request.
  Time since last request: 0.000365 seconds.
  path: Assets/Resources/DOTweenSettings.asset
  artifactKey: Guid(510c0192fb5c669479a453fa35fcbfa9) Importer(815301076,1909f56bfc062723c751e8b465ee728b)
Start importing Assets/Resources/DOTweenSettings.asset using Guid(510c0192fb5c669479a453fa35fcbfa9) Importer(815301076,1909f56bfc062723c751e8b465ee728b)  -> (artifact id: '10fe9f4c1b06a1e0803b819291336e88') in 0.016428 seconds 
  Import took 0.019175 seconds .

========================================================================
Received Import Request.
  Time since last request: 0.000230 seconds.
  path: Assets/Resources/RedTrail.mat
  artifactKey: Guid(8bcfbed5b0cc4b64594fea7848918707) Importer(815301076,1909f56bfc062723c751e8b465ee728b)
Start importing Assets/Resources/RedTrail.mat using Guid(8bcfbed5b0cc4b64594fea7848918707) Importer(815301076,1909f56bfc062723c751e8b465ee728b)  -> (artifact id: '2eac93ed4495f649c2ef4b2dc2182654') in 0.045363 seconds 
  Import took 0.048020 seconds .

========================================================================
Received Import Request.
  Time since last request: 0.000364 seconds.
  path: Assets/Resources/GreenTrail.mat
  artifactKey: Guid(83037c8c852266a4995f9fda7462779a) Importer(815301076,1909f56bfc062723c751e8b465ee728b)
Start importing Assets/Resources/GreenTrail.mat using Guid(83037c8c852266a4995f9fda7462779a) Importer(815301076,1909f56bfc062723c751e8b465ee728b)  -> (artifact id: '89157be46126f3597519fbd02c19e8b0') in 0.040530 seconds 
  Import took 0.043658 seconds .

========================================================================
Received Import Request.
  Time since last request: 60.479728 seconds.
  path: Assets/Scripts/Enemy
  artifactKey: Guid(917a61b2ec6cda5438527dfda30fac59) Importer(815301076,1909f56bfc062723c751e8b465ee728b)
Start importing Assets/Scripts/Enemy using Guid(917a61b2ec6cda5438527dfda30fac59) Importer(815301076,1909f56bfc062723c751e8b465ee728b)  -> (artifact id: '6d9331b2cb5e0e45a4f7a0911c98bb35') in 0.016239 seconds 
  Import took 0.020232 seconds .

========================================================================
Received Import Request.
  Time since last request: 1.558820 seconds.
  path: Assets/Scripts/Enemy/EnemySpawner.cs
  artifactKey: Guid(4869bec4c34537f419818d81c11b2e3c) Importer(815301076,1909f56bfc062723c751e8b465ee728b)
Start importing Assets/Scripts/Enemy/EnemySpawner.cs using Guid(4869bec4c34537f419818d81c11b2e3c) Importer(815301076,1909f56bfc062723c751e8b465ee728b)  -> (artifact id: 'da7ee1e10ef7ee76857af996121986cc') in 0.026397 seconds 
  Import took 0.030788 seconds .

========================================================================
Received Import Request.
  Time since last request: 0.581327 seconds.
  path: Assets/Scripts/Enemy/EnemyController.cs
  artifactKey: Guid(267665edd96e02d468f2926d67996b0b) Importer(815301076,1909f56bfc062723c751e8b465ee728b)
Start importing Assets/Scripts/Enemy/EnemyController.cs using Guid(267665edd96e02d468f2926d67996b0b) Importer(815301076,1909f56bfc062723c751e8b465ee728b)  -> (artifact id: '24834cf756ea47c5fe30270b89fb83e2') in 0.023645 seconds 
  Import took 0.026617 seconds .

========================================================================
Received Import Request.
  Time since last request: 0.394614 seconds.
  path: Assets/Scripts/Enemy/BaseEnemy.cs
  artifactKey: Guid(7ca35af1cc7a10946be8f28436a4d486) Importer(815301076,1909f56bfc062723c751e8b465ee728b)
Start importing Assets/Scripts/Enemy/BaseEnemy.cs using Guid(7ca35af1cc7a10946be8f28436a4d486) Importer(815301076,1909f56bfc062723c751e8b465ee728b)  -> (artifact id: '6539102ff11e89d6e18ec87cf55e7844') in 0.015537 seconds 
  Import took 0.018821 seconds .

========================================================================
Received Import Request.
  Time since last request: 529.437607 seconds.
  path: Assets/Art/Crosshair.png
  artifactKey: Guid(ae0f0083b1c01fd499a43e77dc5a26b3) Importer(815301076,1909f56bfc062723c751e8b465ee728b)
Start importing Assets/Art/Crosshair.png using Guid(ae0f0083b1c01fd499a43e77dc5a26b3) Importer(815301076,1909f56bfc062723c751e8b465ee728b)  -> (artifact id: '1384494db264f9fa5969ae3470909967') in 0.089697 seconds 
  Import took 0.098912 seconds .

========================================================================
Received Import Request.
  Time since last request: 0.000596 seconds.
  path: Assets/Art/Open.png
  artifactKey: Guid(8f240dc5bd21ee44b8f31ac8034c86e3) Importer(815301076,1909f56bfc062723c751e8b465ee728b)
Start importing Assets/Art/Open.png using Guid(8f240dc5bd21ee44b8f31ac8034c86e3) Importer(815301076,1909f56bfc062723c751e8b465ee728b)  -> (artifact id: '273df64f9682937fbe28030b653be1b5') in 0.085109 seconds 
  Import took 0.091888 seconds .

========================================================================
Received Import Request.
  Time since last request: 0.000906 seconds.
  path: Assets/Art/Player.png
  artifactKey: Guid(c284ba0d65ccf6d499be2462f5f91dd0) Importer(815301076,1909f56bfc062723c751e8b465ee728b)
Start importing Assets/Art/Player.png using Guid(c284ba0d65ccf6d499be2462f5f91dd0) Importer(815301076,1909f56bfc062723c751e8b465ee728b)  -> (artifact id: '586543d22a8289bc23eeb8e159272746') in 0.054770 seconds 
  Import took 0.062971 seconds .

========================================================================
Received Import Request.
  Time since last request: 46.188361 seconds.
  path: Assets/Art/极限防御塔
  artifactKey: Guid(cc8f423eaf96323429852bf6a8b6684d) Importer(815301076,1909f56bfc062723c751e8b465ee728b)
Start importing Assets/Art/极限防御塔 using Guid(cc8f423eaf96323429852bf6a8b6684d) Importer(815301076,1909f56bfc062723c751e8b465ee728b)  -> (artifact id: '911d200509e7a3bca306ad21ba73f865') in 0.019203 seconds 
  Import took 0.023724 seconds .

========================================================================
Received Import Request.
  Time since last request: 0.047920 seconds.
  path: Assets/Art/极限防御塔/_0000_射击图标.png
  artifactKey: Guid(0d8198760f29cfd4c9e88460b0fd7989) Importer(815301076,1909f56bfc062723c751e8b465ee728b)
Start importing Assets/Art/极限防御塔/_0000_射击图标.png using Guid(0d8198760f29cfd4c9e88460b0fd7989) Importer(815301076,1909f56bfc062723c751e8b465ee728b)  -> (artifact id: '6a31da995c3b986d54a9fc239150ad4f') in 0.038849 seconds 
  Import took 0.043998 seconds .

========================================================================
Received Import Request.
  Time since last request: 0.000500 seconds.
  path: Assets/Art/极限防御塔/_0006_升级颜色.png
  artifactKey: Guid(8fa4f90dc9fdd68479058aa6d360e01b) Importer(815301076,1909f56bfc062723c751e8b465ee728b)
Start importing Assets/Art/极限防御塔/_0006_升级颜色.png using Guid(8fa4f90dc9fdd68479058aa6d360e01b) Importer(815301076,1909f56bfc062723c751e8b465ee728b)  -> (artifact id: '06435e302b478f6c7548ec2468d44e4a') in 0.031967 seconds 
  Import took 0.036120 seconds .

========================================================================
Received Import Request.
  Time since last request: 0.000503 seconds.
  path: Assets/Art/极限防御塔/_0013_方块灰.png
  artifactKey: Guid(912707d77ba76fc46b01a32e1fe2e990) Importer(815301076,1909f56bfc062723c751e8b465ee728b)
Start importing Assets/Art/极限防御塔/_0013_方块灰.png using Guid(912707d77ba76fc46b01a32e1fe2e990) Importer(815301076,1909f56bfc062723c751e8b465ee728b)  -> (artifact id: 'b688b2a34a04aa5436dbce4237bef029') in 0.024668 seconds 
  Import took 0.028115 seconds .

========================================================================
Received Import Request.
  Time since last request: 0.000333 seconds.
  path: Assets/Art/极限防御塔/_0009_圆攻击大白.png
  artifactKey: Guid(b5cec9a7cf261ea41adfb436497adad1) Importer(815301076,1909f56bfc062723c751e8b465ee728b)
Start importing Assets/Art/极限防御塔/_0009_圆攻击大白.png using Guid(b5cec9a7cf261ea41adfb436497adad1) Importer(815301076,1909f56bfc062723c751e8b465ee728b)  -> (artifact id: 'f2a1a9120adce5985926400c7464967a') in 0.024485 seconds 
  Import took 0.028634 seconds .

========================================================================
Received Import Request.
  Time since last request: 0.000274 seconds.
  path: Assets/Art/极限防御塔/_0004_外圈圆.png
  artifactKey: Guid(4bc5bcf6886e30744b2485d6a6c799b1) Importer(815301076,1909f56bfc062723c751e8b465ee728b)
Start importing Assets/Art/极限防御塔/_0004_外圈圆.png using Guid(4bc5bcf6886e30744b2485d6a6c799b1) Importer(815301076,1909f56bfc062723c751e8b465ee728b)  -> (artifact id: 'ba254680f0209f758c138616d32136d1') in 0.034372 seconds 
  Import took 0.038068 seconds .

========================================================================
Received Import Request.
  Time since last request: 0.000293 seconds.
  path: Assets/Art/极限防御塔/_0010_圆攻击小白.png
  artifactKey: Guid(64006a52cc30ef246b65122920ced59a) Importer(815301076,1909f56bfc062723c751e8b465ee728b)
Start importing Assets/Art/极限防御塔/_0010_圆攻击小白.png using Guid(64006a52cc30ef246b65122920ced59a) Importer(815301076,1909f56bfc062723c751e8b465ee728b)  -> (artifact id: '4a9fb8c3da154de6957b3749a1b2f029') in 0.032582 seconds 
  Import took 0.037585 seconds .

========================================================================
Received Import Request.
  Time since last request: 0.000313 seconds.
  path: Assets/Art/极限防御塔/_0007_升级条.png
  artifactKey: Guid(bc3ab59724d4d0f458bc90f1cb146134) Importer(815301076,1909f56bfc062723c751e8b465ee728b)
Start importing Assets/Art/极限防御塔/_0007_升级条.png using Guid(bc3ab59724d4d0f458bc90f1cb146134) Importer(815301076,1909f56bfc062723c751e8b465ee728b)  -> (artifact id: '629ee521c11994971ff96ef08c5df31f') in 0.026822 seconds 
  Import took 0.031742 seconds .

========================================================================
Received Import Request.
  Time since last request: 0.000309 seconds.
  path: Assets/Art/极限防御塔/_0001_金币.png
  artifactKey: Guid(ee97bd3b30314c04d82ed98066bc84fe) Importer(815301076,1909f56bfc062723c751e8b465ee728b)
Start importing Assets/Art/极限防御塔/_0001_金币.png using Guid(ee97bd3b30314c04d82ed98066bc84fe) Importer(815301076,1909f56bfc062723c751e8b465ee728b)  -> (artifact id: '9600cc1e2b737a295ee9dd1a6a28b0ed') in 0.032201 seconds 
  Import took 0.035233 seconds .

========================================================================
Received Import Request.
  Time since last request: 0.000357 seconds.
  path: Assets/Art/极限防御塔/_0015_三角大白.png
  artifactKey: Guid(408511e52c5ba7241a7b4ad87687bcc4) Importer(815301076,1909f56bfc062723c751e8b465ee728b)
Start importing Assets/Art/极限防御塔/_0015_三角大白.png using Guid(408511e52c5ba7241a7b4ad87687bcc4) Importer(815301076,1909f56bfc062723c751e8b465ee728b)  -> (artifact id: 'e6d9a949fe40d4369b62be582ac2aa26') in 0.034912 seconds 
  Import took 0.040713 seconds .

========================================================================
Received Import Request.
  Time since last request: 0.000284 seconds.
  path: Assets/Art/极限防御塔/_0008_圆攻击灰.png
  artifactKey: Guid(eea64f91b77d2d8408121e76016d9f0d) Importer(815301076,1909f56bfc062723c751e8b465ee728b)
Start importing Assets/Art/极限防御塔/_0008_圆攻击灰.png using Guid(eea64f91b77d2d8408121e76016d9f0d) Importer(815301076,1909f56bfc062723c751e8b465ee728b)  -> (artifact id: 'a133bde42c7fa30543ab8bde0e7e3bbc') in 0.028990 seconds 
  Import took 0.033968 seconds .

========================================================================
Received Import Request.
  Time since last request: 0.000309 seconds.
  path: Assets/Art/极限防御塔/_0016_三角灰.png
  artifactKey: Guid(458fb46b60832a541be8b89e7dd52de8) Importer(815301076,1909f56bfc062723c751e8b465ee728b)
Start importing Assets/Art/极限防御塔/_0016_三角灰.png using Guid(458fb46b60832a541be8b89e7dd52de8) Importer(815301076,1909f56bfc062723c751e8b465ee728b)  -> (artifact id: '8d5ad2833b93c54450a1f33b43333d8c') in 0.026034 seconds 
  Import took 0.029744 seconds .

========================================================================
Received Import Request.
  Time since last request: 0.000322 seconds.
  path: Assets/Art/极限防御塔/_0003_中圈圆.png
  artifactKey: Guid(459995728692e2045b4519cde2a2f9b8) Importer(815301076,1909f56bfc062723c751e8b465ee728b)
Start importing Assets/Art/极限防御塔/_0003_中圈圆.png using Guid(459995728692e2045b4519cde2a2f9b8) Importer(815301076,1909f56bfc062723c751e8b465ee728b)  -> (artifact id: 'b73216ccf2a9846c5c4bff0c9ba021c1') in 0.028557 seconds 
  Import took 0.032823 seconds .

========================================================================
Received Import Request.
  Time since last request: 0.000367 seconds.
  path: Assets/Art/极限防御塔/_0012_方块白.png
  artifactKey: Guid(f744361f253b472429f28bdd6412a62b) Importer(815301076,1909f56bfc062723c751e8b465ee728b)
Start importing Assets/Art/极限防御塔/_0012_方块白.png using Guid(f744361f253b472429f28bdd6412a62b) Importer(815301076,1909f56bfc062723c751e8b465ee728b)  -> (artifact id: 'e250fbe3fcca683ae9856163423a2249') in 0.022350 seconds 
  Import took 0.026564 seconds .

========================================================================
Received Import Request.
  Time since last request: 0.000428 seconds.
  path: Assets/Art/极限防御塔/_0017_三角黑.png
  artifactKey: Guid(56f91d92ee2055244941c9064ae4a439) Importer(815301076,1909f56bfc062723c751e8b465ee728b)
Start importing Assets/Art/极限防御塔/_0017_三角黑.png using Guid(56f91d92ee2055244941c9064ae4a439) Importer(815301076,1909f56bfc062723c751e8b465ee728b)  -> (artifact id: '249467591c2b5a26a3eb8e04a191a33d') in 0.026443 seconds 
  Import took 0.030836 seconds .

========================================================================
Received Import Request.
  Time since last request: 0.000238 seconds.
  path: Assets/Art/极限防御塔/_0002_血量全色.png
  artifactKey: Guid(01152251e0220fc42a97536c0031484d) Importer(815301076,1909f56bfc062723c751e8b465ee728b)
Start importing Assets/Art/极限防御塔/_0002_血量全色.png using Guid(01152251e0220fc42a97536c0031484d) Importer(815301076,1909f56bfc062723c751e8b465ee728b)  -> (artifact id: 'b1e6f4f6fb19c88b6f0ca0e855578c94') in 0.025513 seconds 
  Import took 0.029007 seconds .

========================================================================
Received Import Request.
  Time since last request: 0.000260 seconds.
  path: Assets/Art/极限防御塔/_0000_血量.png
  artifactKey: Guid(406eb3670fba61f46b69e8d1c4198f43) Importer(815301076,1909f56bfc062723c751e8b465ee728b)
Start importing Assets/Art/极限防御塔/_0000_血量.png using Guid(406eb3670fba61f46b69e8d1c4198f43) Importer(815301076,1909f56bfc062723c751e8b465ee728b)  -> (artifact id: '3202e5f26c15e1d6b4a99b2f7544d2dd') in 0.020671 seconds 
  Import took 0.023538 seconds .

========================================================================
Received Import Request.
  Time since last request: 0.000236 seconds.
  path: Assets/Art/极限防御塔/_0001_血量半色.png
  artifactKey: Guid(7981b6515d1ddcd4d99abb59a8a61f96) Importer(815301076,1909f56bfc062723c751e8b465ee728b)
Start importing Assets/Art/极限防御塔/_0001_血量半色.png using Guid(7981b6515d1ddcd4d99abb59a8a61f96) Importer(815301076,1909f56bfc062723c751e8b465ee728b)  -> (artifact id: '2aaa8f9a75a7a9489c4cffd44260fdef') in 0.020645 seconds 
  Import took 0.023828 seconds .

========================================================================
Received Import Request.
  Time since last request: 0.000258 seconds.
  path: Assets/Art/极限防御塔/_0014_三角白.png
  artifactKey: Guid(a144c4500a5edd8408661efd74e6cf25) Importer(815301076,1909f56bfc062723c751e8b465ee728b)
Start importing Assets/Art/极限防御塔/_0014_三角白.png using Guid(a144c4500a5edd8408661efd74e6cf25) Importer(815301076,1909f56bfc062723c751e8b465ee728b)  -> (artifact id: 'b30cf40f466e8ad825e263f67aad654f') in 0.023874 seconds 
  Import took 0.027127 seconds .

========================================================================
Received Import Request.
  Time since last request: 0.000247 seconds.
  path: Assets/Art/极限防御塔/_0018_图层-9.png
  artifactKey: Guid(4b24e43ea4c3f4346babc14b15714cfd) Importer(815301076,1909f56bfc062723c751e8b465ee728b)
Start importing Assets/Art/极限防御塔/_0018_图层-9.png using Guid(4b24e43ea4c3f4346babc14b15714cfd) Importer(815301076,1909f56bfc062723c751e8b465ee728b)  -> (artifact id: '3117a5095329eba39b9ff4b426645e94') in 0.024877 seconds 
  Import took 0.027715 seconds .

========================================================================
Received Import Request.
  Time since last request: 0.000253 seconds.
  path: Assets/Art/极限防御塔/_0019_背景.png
  artifactKey: Guid(191a7b6bbe0b3584bbd0cee4a466682b) Importer(815301076,1909f56bfc062723c751e8b465ee728b)
Start importing Assets/Art/极限防御塔/_0019_背景.png using Guid(191a7b6bbe0b3584bbd0cee4a466682b) Importer(815301076,1909f56bfc062723c751e8b465ee728b)  -> (artifact id: 'e4b7107be54dde77cdf72f039e586518') in 0.025375 seconds 
  Import took 0.028148 seconds .

========================================================================
Received Import Request.
  Time since last request: 0.000211 seconds.
  path: Assets/Art/极限防御塔/_0002_内圈圆.png
  artifactKey: Guid(b8ef3d5a0183e3d4e971c2e6acbc0cbd) Importer(815301076,1909f56bfc062723c751e8b465ee728b)
Start importing Assets/Art/极限防御塔/_0002_内圈圆.png using Guid(b8ef3d5a0183e3d4e971c2e6acbc0cbd) Importer(815301076,1909f56bfc062723c751e8b465ee728b)  -> (artifact id: '7edfcda274adb326049c1965c0e5f59f') in 0.022370 seconds 
  Import took 0.025285 seconds .

========================================================================
Received Import Request.
  Time since last request: 0.000286 seconds.
  path: Assets/Art/极限防御塔/_0011_圆攻击黑.png
  artifactKey: Guid(eb271f33d4da83e499c3800d1321421e) Importer(815301076,1909f56bfc062723c751e8b465ee728b)
Start importing Assets/Art/极限防御塔/_0011_圆攻击黑.png using Guid(eb271f33d4da83e499c3800d1321421e) Importer(815301076,1909f56bfc062723c751e8b465ee728b)  -> (artifact id: '521f3f7fad2ea649bf9817616b1860f5') in 0.019967 seconds 
  Import took 0.023007 seconds .

========================================================================
Received Import Request.
  Time since last request: 78.684112 seconds.
  path: Assets/Art/极限防御塔/_0001_金币.png
  artifactKey: Guid(ee97bd3b30314c04d82ed98066bc84fe) Importer(815301076,1909f56bfc062723c751e8b465ee728b)
Start importing Assets/Art/极限防御塔/_0001_金币.png using Guid(ee97bd3b30314c04d82ed98066bc84fe) Importer(815301076,1909f56bfc062723c751e8b465ee728b)  -> (artifact id: '2bef5d98dbc262ec81023bb190669a51') in 0.024381 seconds 
  Import took 0.027599 seconds .

========================================================================
Received Import Request.
  Time since last request: 9.280739 seconds.
  path: Assets/Art/极限防御塔/_0001_金币.png
  artifactKey: Guid(ee97bd3b30314c04d82ed98066bc84fe) Importer(815301076,1909f56bfc062723c751e8b465ee728b)
Start importing Assets/Art/极限防御塔/_0001_金币.png using Guid(ee97bd3b30314c04d82ed98066bc84fe) Importer(815301076,1909f56bfc062723c751e8b465ee728b)  -> (artifact id: '7caa1eedc128a87a609d2d07374bb491') in 0.024377 seconds 
  Import took 0.027238 seconds .

========================================================================
Received Prepare
Registering precompiled user dll's ...
Registered in 0.002401 seconds.
Begin MonoManager ReloadAssembly
Native extension for WindowsStandalone target not found
Refreshing native plugins compatible for Editor in 0.39 ms, found 3 plugins.
Preloading 0 native plugins for Editor in 0.00 ms.
Mono: successfully reloaded assembly
- Completed reload, in  0.826 seconds
Domain Reload Profiling:
	ReloadAssembly (826ms)
		BeginReloadAssembly (106ms)
			ExecutionOrderSort (0ms)
			DisableScriptedObjects (4ms)
			BackupInstance (0ms)
			ReleaseScriptingObjects (0ms)
			CreateAndSetChildDomain (34ms)
		EndReloadAssembly (674ms)
			LoadAssemblies (94ms)
			RebuildTransferFunctionScriptingTraits (0ms)
			SetupTypeCache (204ms)
			ReleaseScriptCaches (1ms)
			RebuildScriptCaches (56ms)
			SetupLoadedEditorAssemblies (236ms)
				LogAssemblyErrors (0ms)
				InitializePlatformSupportModulesInManaged (4ms)
				SetLoadedEditorAssemblies (0ms)
				RefreshPlugins (0ms)
				BeforeProcessingInitializeOnLoad (66ms)
				ProcessInitializeOnLoadAttributes (160ms)
				ProcessInitializeOnLoadMethodAttributes (4ms)
				AfterProcessingInitializeOnLoad (1ms)
				EditorAssembliesLoaded (0ms)
			ExecutionOrderSort2 (0ms)
			AwakeInstancesAfterBackupRestoration (7ms)
Platform modules already initialized, skipping
Refreshing native plugins compatible for Editor in 0.42 ms, found 3 plugins.
Preloading 0 native plugins for Editor in 0.00 ms.
Unloading 2282 Unused Serialized files (Serialized files now loaded: 0)
System memory in use before: 104.0 MB.
System memory in use after: 104.2 MB.

Unloading 17 unused Assets to reduce memory usage. Loaded Objects now: 2825.
Total: 2.309200 ms (FindLiveObjects: 0.144300 ms CreateObjectMapping: 0.037500 ms MarkObjects: 2.108000 ms  DeleteObjects: 0.017700 ms)

AssetImportParameters requested are different than current active one (requested -> active):
  custom:framework-win-MediaFoundation: 216162199b28c13a410421893ffa2e32 -> 
  custom:video-decoder-ogg-theora: a1e56fd34408186e4bbccfd4996cb3dc -> 
  custom:container-muxer-webm: aa71ff27fc2769a1b78a27578f13a17b -> 
  custom:container-demuxer-webm: 4f35f7cbe854078d1ac9338744f61a02 -> 
  custom:container-demuxer-ogg: 62fdf1f143b41e24485cea50d1cbac27 -> 
  custom:video-encoder-webm-vp8: eb34c28f22e8b96e1ab97ce403110664 -> 
  custom:video-codec-MediaFoundation-h265: 746d11721c4dcdbdad8f713fa42b33f4 -> 
  custom:video-decoder-webm-vp8: 9c59270c3fd7afecdb556c50c9e8de78 -> 
  custom:audio-decoder-ogg-vorbis: bf7c407c2cedff20999df2af8eb42d56 -> 
  custom:audio-encoder-webm-vorbis: bf7c407c2cedff20999df2af8eb42d56 -> 
========================================================================
Received Prepare
Registering precompiled user dll's ...
Registered in 0.006794 seconds.
Begin MonoManager ReloadAssembly
Native extension for WindowsStandalone target not found
Refreshing native plugins compatible for Editor in 0.39 ms, found 3 plugins.
Preloading 0 native plugins for Editor in 0.00 ms.
Mono: successfully reloaded assembly
- Completed reload, in  0.815 seconds
Domain Reload Profiling:
	ReloadAssembly (815ms)
		BeginReloadAssembly (112ms)
			ExecutionOrderSort (0ms)
			DisableScriptedObjects (4ms)
			BackupInstance (0ms)
			ReleaseScriptingObjects (0ms)
			CreateAndSetChildDomain (33ms)
		EndReloadAssembly (658ms)
			LoadAssemblies (89ms)
			RebuildTransferFunctionScriptingTraits (0ms)
			SetupTypeCache (208ms)
			ReleaseScriptCaches (1ms)
			RebuildScriptCaches (39ms)
			SetupLoadedEditorAssemblies (276ms)
				LogAssemblyErrors (0ms)
				InitializePlatformSupportModulesInManaged (4ms)
				SetLoadedEditorAssemblies (0ms)
				RefreshPlugins (0ms)
				BeforeProcessingInitializeOnLoad (78ms)
				ProcessInitializeOnLoadAttributes (189ms)
				ProcessInitializeOnLoadMethodAttributes (4ms)
				AfterProcessingInitializeOnLoad (1ms)
				EditorAssembliesLoaded (0ms)
			ExecutionOrderSort2 (0ms)
			AwakeInstancesAfterBackupRestoration (7ms)
Platform modules already initialized, skipping
Refreshing native plugins compatible for Editor in 0.47 ms, found 3 plugins.
Preloading 0 native plugins for Editor in 0.00 ms.
Unloading 2282 Unused Serialized files (Serialized files now loaded: 0)
System memory in use before: 104.0 MB.
System memory in use after: 104.2 MB.

Unloading 17 unused Assets to reduce memory usage. Loaded Objects now: 2828.
Total: 3.130300 ms (FindLiveObjects: 0.195000 ms CreateObjectMapping: 0.071400 ms MarkObjects: 2.840400 ms  DeleteObjects: 0.021900 ms)

AssetImportParameters requested are different than current active one (requested -> active):
  custom:framework-win-MediaFoundation: 216162199b28c13a410421893ffa2e32 -> 
  custom:video-decoder-ogg-theora: a1e56fd34408186e4bbccfd4996cb3dc -> 
  custom:container-muxer-webm: aa71ff27fc2769a1b78a27578f13a17b -> 
  custom:container-demuxer-webm: 4f35f7cbe854078d1ac9338744f61a02 -> 
  custom:container-demuxer-ogg: 62fdf1f143b41e24485cea50d1cbac27 -> 
  custom:video-encoder-webm-vp8: eb34c28f22e8b96e1ab97ce403110664 -> 
  custom:video-codec-MediaFoundation-h265: 746d11721c4dcdbdad8f713fa42b33f4 -> 
  custom:video-decoder-webm-vp8: 9c59270c3fd7afecdb556c50c9e8de78 -> 
  custom:audio-decoder-ogg-vorbis: bf7c407c2cedff20999df2af8eb42d56 -> 
  custom:audio-encoder-webm-vorbis: bf7c407c2cedff20999df2af8eb42d56 -> 
========================================================================
Received Import Request.
  Time since last request: 563.600702 seconds.
  path: Assets/Scripts/Enemy/BaseEnemy.cs
  artifactKey: Guid(7ca35af1cc7a10946be8f28436a4d486) Importer(815301076,1909f56bfc062723c751e8b465ee728b)
Start importing Assets/Scripts/Enemy/BaseEnemy.cs using Guid(7ca35af1cc7a10946be8f28436a4d486) Importer(815301076,1909f56bfc062723c751e8b465ee728b)  -> (artifact id: 'ee0e04230b0f7241f7377950e554128f') in 0.011824 seconds 
  Import took 0.018391 seconds .

========================================================================
Received Prepare
Registering precompiled user dll's ...
Registered in 0.002734 seconds.
Begin MonoManager ReloadAssembly
Native extension for WindowsStandalone target not found
Refreshing native plugins compatible for Editor in 0.41 ms, found 3 plugins.
Preloading 0 native plugins for Editor in 0.00 ms.
Mono: successfully reloaded assembly
- Completed reload, in  0.756 seconds
Domain Reload Profiling:
	ReloadAssembly (756ms)
		BeginReloadAssembly (104ms)
			ExecutionOrderSort (0ms)
			DisableScriptedObjects (4ms)
			BackupInstance (0ms)
			ReleaseScriptingObjects (0ms)
			CreateAndSetChildDomain (29ms)
		EndReloadAssembly (612ms)
			LoadAssemblies (80ms)
			RebuildTransferFunctionScriptingTraits (0ms)
			SetupTypeCache (192ms)
			ReleaseScriptCaches (1ms)
			RebuildScriptCaches (34ms)
			SetupLoadedEditorAssemblies (242ms)
				LogAssemblyErrors (0ms)
				InitializePlatformSupportModulesInManaged (4ms)
				SetLoadedEditorAssemblies (0ms)
				RefreshPlugins (0ms)
				BeforeProcessingInitializeOnLoad (56ms)
				ProcessInitializeOnLoadAttributes (174ms)
				ProcessInitializeOnLoadMethodAttributes (5ms)
				AfterProcessingInitializeOnLoad (1ms)
				EditorAssembliesLoaded (0ms)
			ExecutionOrderSort2 (0ms)
			AwakeInstancesAfterBackupRestoration (9ms)
Platform modules already initialized, skipping
Refreshing native plugins compatible for Editor in 0.45 ms, found 3 plugins.
Preloading 0 native plugins for Editor in 0.00 ms.
Unloading 2282 Unused Serialized files (Serialized files now loaded: 0)
System memory in use before: 104.0 MB.
System memory in use after: 104.2 MB.

Unloading 17 unused Assets to reduce memory usage. Loaded Objects now: 2831.
Total: 2.843200 ms (FindLiveObjects: 0.171800 ms CreateObjectMapping: 0.052200 ms MarkObjects: 2.591800 ms  DeleteObjects: 0.026200 ms)

AssetImportParameters requested are different than current active one (requested -> active):
  custom:framework-win-MediaFoundation: 216162199b28c13a410421893ffa2e32 -> 
  custom:video-decoder-ogg-theora: a1e56fd34408186e4bbccfd4996cb3dc -> 
  custom:container-muxer-webm: aa71ff27fc2769a1b78a27578f13a17b -> 
  custom:container-demuxer-webm: 4f35f7cbe854078d1ac9338744f61a02 -> 
  custom:container-demuxer-ogg: 62fdf1f143b41e24485cea50d1cbac27 -> 
  custom:video-encoder-webm-vp8: eb34c28f22e8b96e1ab97ce403110664 -> 
  custom:video-codec-MediaFoundation-h265: 746d11721c4dcdbdad8f713fa42b33f4 -> 
  custom:video-decoder-webm-vp8: 9c59270c3fd7afecdb556c50c9e8de78 -> 
  custom:audio-decoder-ogg-vorbis: bf7c407c2cedff20999df2af8eb42d56 -> 
  custom:audio-encoder-webm-vorbis: bf7c407c2cedff20999df2af8eb42d56 -> 
========================================================================
Received Import Request.
  Time since last request: 27.039001 seconds.
  path: Assets/Scripts/Enemy/CubeEnemy.cs
  artifactKey: Guid(9d1f428de00735c42a525d6728ba7166) Importer(815301076,1909f56bfc062723c751e8b465ee728b)
Start importing Assets/Scripts/Enemy/CubeEnemy.cs using Guid(9d1f428de00735c42a525d6728ba7166) Importer(815301076,1909f56bfc062723c751e8b465ee728b)  -> (artifact id: '93509bda963bc2993434ed16336706a1') in 0.021281 seconds 
  Import took 0.024736 seconds .

========================================================================
Received Import Request.
  Time since last request: 113.623296 seconds.
  path: Assets/Art/极限防御塔/_0003_中圈圆.png
  artifactKey: Guid(459995728692e2045b4519cde2a2f9b8) Importer(815301076,1909f56bfc062723c751e8b465ee728b)
Start importing Assets/Art/极限防御塔/_0003_中圈圆.png using Guid(459995728692e2045b4519cde2a2f9b8) Importer(815301076,1909f56bfc062723c751e8b465ee728b)  -> (artifact id: 'e07d3768461b49c738eeaf99a373de22') in 0.051881 seconds 
  Import took 0.055199 seconds .

========================================================================
Received Import Request.
  Time since last request: 4.689363 seconds.
  path: Assets/Art/极限防御塔/_0004_外圈圆.png
  artifactKey: Guid(4bc5bcf6886e30744b2485d6a6c799b1) Importer(815301076,1909f56bfc062723c751e8b465ee728b)
Start importing Assets/Art/极限防御塔/_0004_外圈圆.png using Guid(4bc5bcf6886e30744b2485d6a6c799b1) Importer(815301076,1909f56bfc062723c751e8b465ee728b)  -> (artifact id: '22b0d7d7b587e7d1925ed8bf1d9f8e12') in 0.035492 seconds 
  Import took 0.038679 seconds .

========================================================================
Received Import Request.
  Time since last request: 12.661869 seconds.
  path: Assets/Art/极限防御塔/_0003_中圈圆.png
  artifactKey: Guid(459995728692e2045b4519cde2a2f9b8) Importer(815301076,1909f56bfc062723c751e8b465ee728b)
Start importing Assets/Art/极限防御塔/_0003_中圈圆.png using Guid(459995728692e2045b4519cde2a2f9b8) Importer(815301076,1909f56bfc062723c751e8b465ee728b)  -> (artifact id: 'e2c11233fb753be956e45a08fc9c1c8c') in 0.034474 seconds 
  Import took 0.037224 seconds .

========================================================================
Received Import Request.
  Time since last request: 4.697252 seconds.
  path: Assets/Art/极限防御塔/_0004_外圈圆.png
  artifactKey: Guid(4bc5bcf6886e30744b2485d6a6c799b1) Importer(815301076,1909f56bfc062723c751e8b465ee728b)
Start importing Assets/Art/极限防御塔/_0004_外圈圆.png using Guid(4bc5bcf6886e30744b2485d6a6c799b1) Importer(815301076,1909f56bfc062723c751e8b465ee728b)  -> (artifact id: '7e2917a07710073a34b069c664eb7794') in 0.023280 seconds 
  Import took 0.028177 seconds .

========================================================================
Received Import Request.
  Time since last request: 15.584397 seconds.
  path: Assets/Art/极限防御塔/_0003_中圈圆.png
  artifactKey: Guid(459995728692e2045b4519cde2a2f9b8) Importer(815301076,1909f56bfc062723c751e8b465ee728b)
Start importing Assets/Art/极限防御塔/_0003_中圈圆.png using Guid(459995728692e2045b4519cde2a2f9b8) Importer(815301076,1909f56bfc062723c751e8b465ee728b)  -> (artifact id: '1aaceef3f5dcabe780df3afb4c12c065') in 0.029391 seconds 
  Import took 0.032447 seconds .

========================================================================
Received Import Request.
  Time since last request: 87.294759 seconds.
  path: Assets/Art/极限防御塔/_0004_外圈圆.png
  artifactKey: Guid(4bc5bcf6886e30744b2485d6a6c799b1) Importer(815301076,1909f56bfc062723c751e8b465ee728b)
Start importing Assets/Art/极限防御塔/_0004_外圈圆.png using Guid(4bc5bcf6886e30744b2485d6a6c799b1) Importer(815301076,1909f56bfc062723c751e8b465ee728b)  -> (artifact id: 'e8c3411b73dfdd4fa03664c6b6d6a680') in 0.060451 seconds 
  Import took 0.064417 seconds .

========================================================================
Received Import Request.
  Time since last request: 15.690511 seconds.
  path: Assets/Art/极限防御塔/_0003_中圈圆.png
  artifactKey: Guid(459995728692e2045b4519cde2a2f9b8) Importer(815301076,1909f56bfc062723c751e8b465ee728b)
Start importing Assets/Art/极限防御塔/_0003_中圈圆.png using Guid(459995728692e2045b4519cde2a2f9b8) Importer(815301076,1909f56bfc062723c751e8b465ee728b)  -> (artifact id: '1a3e2f8fd492a201d535357ab1cb044d') in 0.034483 seconds 
  Import took 0.037872 seconds .

========================================================================
Received Import Request.
  Time since last request: 41.295069 seconds.
  path: Assets/Art/极限防御塔/_0003_中圈圆.png
  artifactKey: Guid(459995728692e2045b4519cde2a2f9b8) Importer(815301076,1909f56bfc062723c751e8b465ee728b)
Start importing Assets/Art/极限防御塔/_0003_中圈圆.png using Guid(459995728692e2045b4519cde2a2f9b8) Importer(815301076,1909f56bfc062723c751e8b465ee728b)  -> (artifact id: '9da7ab7ecd239a9541024439b81e2384') in 0.033177 seconds 
  Import took 0.036225 seconds .

========================================================================
Received Import Request.
  Time since last request: 246.602635 seconds.
  path: Assets/Art/极限防御塔/_0012_方块白.png
  artifactKey: Guid(f744361f253b472429f28bdd6412a62b) Importer(815301076,1909f56bfc062723c751e8b465ee728b)
Start importing Assets/Art/极限防御塔/_0012_方块白.png using Guid(f744361f253b472429f28bdd6412a62b) Importer(815301076,1909f56bfc062723c751e8b465ee728b)  -> (artifact id: '75c55d9fdb7631f9901e92d0eff1d37d') in 0.012053 seconds 
  Import took 0.015535 seconds .

========================================================================
Received Import Request.
  Time since last request: 0.000211 seconds.
  path: Assets/Art/极限防御塔/_0006_升级颜色.png
  artifactKey: Guid(8fa4f90dc9fdd68479058aa6d360e01b) Importer(815301076,1909f56bfc062723c751e8b465ee728b)
Start importing Assets/Art/极限防御塔/_0006_升级颜色.png using Guid(8fa4f90dc9fdd68479058aa6d360e01b) Importer(815301076,1909f56bfc062723c751e8b465ee728b)  -> (artifact id: '3b02464e041b76b63dcf5eb930e5c2e9') in 0.031354 seconds 
  Import took 0.035707 seconds .

========================================================================
Received Import Request.
  Time since last request: 0.000329 seconds.
  path: Assets/Art/极限防御塔/_0013_方块灰.png
  artifactKey: Guid(912707d77ba76fc46b01a32e1fe2e990) Importer(815301076,1909f56bfc062723c751e8b465ee728b)
Start importing Assets/Art/极限防御塔/_0013_方块灰.png using Guid(912707d77ba76fc46b01a32e1fe2e990) Importer(815301076,1909f56bfc062723c751e8b465ee728b)  -> (artifact id: '4d644f0a242e0ee1823432dee80c8544') in 0.024171 seconds 
  Import took 0.027362 seconds .

========================================================================
Received Import Request.
  Time since last request: 0.000242 seconds.
  path: Assets/Art/极限防御塔/_0009_圆攻击大白.png
  artifactKey: Guid(b5cec9a7cf261ea41adfb436497adad1) Importer(815301076,1909f56bfc062723c751e8b465ee728b)
Start importing Assets/Art/极限防御塔/_0009_圆攻击大白.png using Guid(b5cec9a7cf261ea41adfb436497adad1) Importer(815301076,1909f56bfc062723c751e8b465ee728b)  -> (artifact id: 'f6a0d64d6473a2ffa005099744f237f3') in 0.028460 seconds 
  Import took 0.031994 seconds .

========================================================================
Received Import Request.
  Time since last request: 0.002258 seconds.
  path: Assets/Art/极限防御塔/_0004_外圈圆.png
  artifactKey: Guid(4bc5bcf6886e30744b2485d6a6c799b1) Importer(815301076,1909f56bfc062723c751e8b465ee728b)
Start importing Assets/Art/极限防御塔/_0004_外圈圆.png using Guid(4bc5bcf6886e30744b2485d6a6c799b1) Importer(815301076,1909f56bfc062723c751e8b465ee728b)  -> (artifact id: '460c824c8d52ee06639cea80d8e9d6e1') in 0.021032 seconds 
  Import took 0.024912 seconds .

========================================================================
Received Import Request.
  Time since last request: 0.000190 seconds.
  path: Assets/Art/极限防御塔/_0010_圆攻击小白.png
  artifactKey: Guid(64006a52cc30ef246b65122920ced59a) Importer(815301076,1909f56bfc062723c751e8b465ee728b)
Start importing Assets/Art/极限防御塔/_0010_圆攻击小白.png using Guid(64006a52cc30ef246b65122920ced59a) Importer(815301076,1909f56bfc062723c751e8b465ee728b)  -> (artifact id: 'be475ef21c50195f69da4d7ad225a60a') in 0.020994 seconds 
  Import took 0.024057 seconds .

========================================================================
Received Import Request.
  Time since last request: 0.000251 seconds.
  path: Assets/Art/极限防御塔/_0000_射击图标.png
  artifactKey: Guid(0d8198760f29cfd4c9e88460b0fd7989) Importer(815301076,1909f56bfc062723c751e8b465ee728b)
Start importing Assets/Art/极限防御塔/_0000_射击图标.png using Guid(0d8198760f29cfd4c9e88460b0fd7989) Importer(815301076,1909f56bfc062723c751e8b465ee728b)  -> (artifact id: 'ec0d82cdbfbddb020b20290bd81f9306') in 0.019808 seconds 
  Import took 0.022786 seconds .

========================================================================
Received Import Request.
  Time since last request: 0.000250 seconds.
  path: Assets/Art/极限防御塔/_0007_升级条.png
  artifactKey: Guid(bc3ab59724d4d0f458bc90f1cb146134) Importer(815301076,1909f56bfc062723c751e8b465ee728b)
Start importing Assets/Art/极限防御塔/_0007_升级条.png using Guid(bc3ab59724d4d0f458bc90f1cb146134) Importer(815301076,1909f56bfc062723c751e8b465ee728b)  -> (artifact id: '69b8d9e64a9ca77729e24dcf69c02f3a') in 0.014122 seconds 
  Import took 0.017429 seconds .

========================================================================
Received Import Request.
  Time since last request: 0.000363 seconds.
  path: Assets/Art/极限防御塔/_0015_三角大白.png
  artifactKey: Guid(408511e52c5ba7241a7b4ad87687bcc4) Importer(815301076,1909f56bfc062723c751e8b465ee728b)
Start importing Assets/Art/极限防御塔/_0015_三角大白.png using Guid(408511e52c5ba7241a7b4ad87687bcc4) Importer(815301076,1909f56bfc062723c751e8b465ee728b)  -> (artifact id: 'a6dfe6e44baa7767eaf276eaa017c287') in 0.010480 seconds 
  Import took 0.013612 seconds .

========================================================================
Received Import Request.
  Time since last request: 0.000236 seconds.
  path: Assets/Art/极限防御塔/_0008_圆攻击灰.png
  artifactKey: Guid(eea64f91b77d2d8408121e76016d9f0d) Importer(815301076,1909f56bfc062723c751e8b465ee728b)
Start importing Assets/Art/极限防御塔/_0008_圆攻击灰.png using Guid(eea64f91b77d2d8408121e76016d9f0d) Importer(815301076,1909f56bfc062723c751e8b465ee728b)  -> (artifact id: '183987f7c7b4f86ae37b279b7fd76a49') in 0.020550 seconds 
  Import took 0.023632 seconds .

========================================================================
Received Import Request.
  Time since last request: 0.000244 seconds.
  path: Assets/Art/极限防御塔/_0016_三角灰.png
  artifactKey: Guid(458fb46b60832a541be8b89e7dd52de8) Importer(815301076,1909f56bfc062723c751e8b465ee728b)
Start importing Assets/Art/极限防御塔/_0016_三角灰.png using Guid(458fb46b60832a541be8b89e7dd52de8) Importer(815301076,1909f56bfc062723c751e8b465ee728b)  -> (artifact id: 'ff71973d60828eeb28c57db1d92f8249') in 0.019616 seconds 
  Import took 0.023190 seconds .

========================================================================
Received Import Request.
  Time since last request: 0.000357 seconds.
  path: Assets/Art/极限防御塔/_0003_中圈圆.png
  artifactKey: Guid(459995728692e2045b4519cde2a2f9b8) Importer(815301076,1909f56bfc062723c751e8b465ee728b)
Start importing Assets/Art/极限防御塔/_0003_中圈圆.png using Guid(459995728692e2045b4519cde2a2f9b8) Importer(815301076,1909f56bfc062723c751e8b465ee728b)  -> (artifact id: '7229013b55c0c88f66ae0038b7b9a877') in 0.018106 seconds 
  Import took 0.023197 seconds .

========================================================================
Received Import Request.
  Time since last request: 0.000302 seconds.
  path: Assets/Art/极限防御塔/_0017_三角黑.png
  artifactKey: Guid(56f91d92ee2055244941c9064ae4a439) Importer(815301076,1909f56bfc062723c751e8b465ee728b)
Start importing Assets/Art/极限防御塔/_0017_三角黑.png using Guid(56f91d92ee2055244941c9064ae4a439) Importer(815301076,1909f56bfc062723c751e8b465ee728b)  -> (artifact id: '05cd6b497e3ef748d747b0cf20a12f2d') in 0.023654 seconds 
  Import took 0.027458 seconds .

========================================================================
Received Import Request.
  Time since last request: 0.000301 seconds.
  path: Assets/Art/极限防御塔/_0002_血量全色.png
  artifactKey: Guid(01152251e0220fc42a97536c0031484d) Importer(815301076,1909f56bfc062723c751e8b465ee728b)
Start importing Assets/Art/极限防御塔/_0002_血量全色.png using Guid(01152251e0220fc42a97536c0031484d) Importer(815301076,1909f56bfc062723c751e8b465ee728b)  -> (artifact id: '9f64c3cdba279f926abe8852fa274ab1') in 0.008997 seconds 
  Import took 0.011984 seconds .

========================================================================
Received Import Request.
  Time since last request: 0.000348 seconds.
  path: Assets/Art/极限防御塔/_0000_血量.png
  artifactKey: Guid(406eb3670fba61f46b69e8d1c4198f43) Importer(815301076,1909f56bfc062723c751e8b465ee728b)
Start importing Assets/Art/极限防御塔/_0000_血量.png using Guid(406eb3670fba61f46b69e8d1c4198f43) Importer(815301076,1909f56bfc062723c751e8b465ee728b)  -> (artifact id: 'fd606cc1acfc5e219a4c9d0e3909eeaf') in 0.009191 seconds 
  Import took 0.012813 seconds .

========================================================================
Received Import Request.
  Time since last request: 0.000187 seconds.
  path: Assets/Art/极限防御塔/_0001_血量半色.png
  artifactKey: Guid(7981b6515d1ddcd4d99abb59a8a61f96) Importer(815301076,1909f56bfc062723c751e8b465ee728b)
Start importing Assets/Art/极限防御塔/_0001_血量半色.png using Guid(7981b6515d1ddcd4d99abb59a8a61f96) Importer(815301076,1909f56bfc062723c751e8b465ee728b)  -> (artifact id: 'dee360df7e4b8ccb9d2773042f4aa621') in 0.010811 seconds 
  Import took 0.013934 seconds .

========================================================================
Received Import Request.
  Time since last request: 0.000335 seconds.
  path: Assets/Art/极限防御塔/_0014_三角白.png
  artifactKey: Guid(a144c4500a5edd8408661efd74e6cf25) Importer(815301076,1909f56bfc062723c751e8b465ee728b)
Start importing Assets/Art/极限防御塔/_0014_三角白.png using Guid(a144c4500a5edd8408661efd74e6cf25) Importer(815301076,1909f56bfc062723c751e8b465ee728b)  -> (artifact id: 'ce2e9e784f1bb60ff40e467213a1eb99') in 0.024337 seconds 
  Import took 0.028124 seconds .

========================================================================
Received Import Request.
  Time since last request: 0.000250 seconds.
  path: Assets/Art/极限防御塔/_0018_图层-9.png
  artifactKey: Guid(4b24e43ea4c3f4346babc14b15714cfd) Importer(815301076,1909f56bfc062723c751e8b465ee728b)
Start importing Assets/Art/极限防御塔/_0018_图层-9.png using Guid(4b24e43ea4c3f4346babc14b15714cfd) Importer(815301076,1909f56bfc062723c751e8b465ee728b)  -> (artifact id: 'c52ea41ca85d703b05d069aa2bed4b65') in 0.022675 seconds 
  Import took 0.026358 seconds .

========================================================================
Received Import Request.
  Time since last request: 0.000323 seconds.
  path: Assets/Art/极限防御塔/_0019_背景.png
  artifactKey: Guid(191a7b6bbe0b3584bbd0cee4a466682b) Importer(815301076,1909f56bfc062723c751e8b465ee728b)
Start importing Assets/Art/极限防御塔/_0019_背景.png using Guid(191a7b6bbe0b3584bbd0cee4a466682b) Importer(815301076,1909f56bfc062723c751e8b465ee728b)  -> (artifact id: 'f6d75e6d71f2a80d4bae4aff4387f069') in 0.017614 seconds 
  Import took 0.021282 seconds .

========================================================================
Received Import Request.
  Time since last request: 0.000255 seconds.
  path: Assets/Art/极限防御塔/_0002_内圈圆.png
  artifactKey: Guid(b8ef3d5a0183e3d4e971c2e6acbc0cbd) Importer(815301076,1909f56bfc062723c751e8b465ee728b)
Start importing Assets/Art/极限防御塔/_0002_内圈圆.png using Guid(b8ef3d5a0183e3d4e971c2e6acbc0cbd) Importer(815301076,1909f56bfc062723c751e8b465ee728b)  -> (artifact id: '59570c1eb99333446b3f2a14cf778b51') in 0.012436 seconds 
  Import took 0.015332 seconds .

========================================================================
Received Import Request.
  Time since last request: 0.000300 seconds.
  path: Assets/Art/极限防御塔/_0011_圆攻击黑.png
  artifactKey: Guid(eb271f33d4da83e499c3800d1321421e) Importer(815301076,1909f56bfc062723c751e8b465ee728b)
Start importing Assets/Art/极限防御塔/_0011_圆攻击黑.png using Guid(eb271f33d4da83e499c3800d1321421e) Importer(815301076,1909f56bfc062723c751e8b465ee728b)  -> (artifact id: '86211e9bd65fcbe4c2f40c63a9947123') in 0.024977 seconds 
  Import took 0.028656 seconds .

========================================================================
Received Import Request.
  Time since last request: 130.914304 seconds.
  path: ProjectSettings/TagManager.asset
  artifactKey: Guid(00000000000000003000000000000000) Importer(815301076,1909f56bfc062723c751e8b465ee728b)
Start importing ProjectSettings/TagManager.asset using Guid(00000000000000003000000000000000) Importer(815301076,1909f56bfc062723c751e8b465ee728b)  -> (artifact id: '29911c0e871ff6d24a0a1c95f18ebf67') in 0.017003 seconds 
  Import took 0.022124 seconds .

AssetImportWorkerClient::OnTransportError - code=2 error=End of file
